{"D:\\Cours_MCCI_BS\\Back-end_Development\\APIChat\\app.js": {"path":"D:\\Cours_MCCI_BS\\Back-end_Development\\APIChat\\app.js","statementMap":{"0":{"start":{"line":2,"column":0},"end":{"line":2,"column":27}},"1":{"start":{"line":3,"column":13},"end":{"line":3,"column":28}},"2":{"start":{"line":4,"column":16},"end":{"line":4,"column":34}},"3":{"start":{"line":5,"column":13},"end":{"line":5,"column":28}},"4":{"start":{"line":6,"column":17},"end":{"line":6,"column":37}},"5":{"start":{"line":7,"column":18},"end":{"line":7,"column":40}},"6":{"start":{"line":8,"column":19},"end":{"line":8,"column":43}},"7":{"start":{"line":9,"column":22},"end":{"line":9,"column":50}},"8":{"start":{"line":10,"column":20},"end":{"line":10,"column":39}},"9":{"start":{"line":12,"column":12},"end":{"line":12,"column":21}},"10":{"start":{"line":13,"column":15},"end":{"line":13,"column":37}},"11":{"start":{"line":14,"column":11},"end":{"line":14,"column":54}},"12":{"start":{"line":17,"column":0},"end":{"line":17,"column":12}},"13":{"start":{"line":18,"column":0},"end":{"line":18,"column":56}},"14":{"start":{"line":21,"column":0},"end":{"line":21,"column":54}},"15":{"start":{"line":21,"column":30},"end":{"line":21,"column":42}},"16":{"start":{"line":21,"column":43},"end":{"line":21,"column":50}},"17":{"start":{"line":24,"column":0},"end":{"line":24,"column":24}},"18":{"start":{"line":26,"column":0},"end":{"line":26,"column":51}},"19":{"start":{"line":27,"column":0},"end":{"line":27,"column":33}},"20":{"start":{"line":28,"column":0},"end":{"line":28,"column":40}},"21":{"start":{"line":31,"column":0},"end":{"line":31,"column":16}},"22":{"start":{"line":35,"column":0},"end":{"line":35,"column":33}}},"fnMap":{"0":{"name":"(anonymous_0)","decl":{"start":{"line":21,"column":8},"end":{"line":21,"column":9}},"loc":{"start":{"line":21,"column":28},"end":{"line":21,"column":52}},"line":21}},"branchMap":{},"s":{"0":3,"1":3,"2":3,"3":3,"4":3,"5":3,"6":3,"7":3,"8":3,"9":3,"10":3,"11":3,"12":3,"13":3,"14":3,"15":7,"16":7,"17":3,"18":3,"19":3,"20":3,"21":3,"22":3},"f":{"0":7},"b":{},"_coverageSchema":"1a1c01bbd47fc00a2c39e90264f33305004495a9","hash":"eb60ed110e120d87cf3542e27e07adccbc69895a"}
,"D:\\Cours_MCCI_BS\\Back-end_Development\\APIChat\\socket.js": {"path":"D:\\Cours_MCCI_BS\\Back-end_Development\\APIChat\\socket.js","statementMap":{"0":{"start":{"line":1,"column":0},"end":{"line":10,"column":2}},"1":{"start":{"line":2,"column":2},"end":{"line":9,"column":5}},"2":{"start":{"line":3,"column":23},"end":{"line":3,"column":45}},"3":{"start":{"line":4,"column":4},"end":{"line":4,"column":24}},"4":{"start":{"line":6,"column":4},"end":{"line":8,"column":7}},"5":{"start":{"line":7,"column":6},"end":{"line":7,"column":27}}},"fnMap":{"0":{"name":"(anonymous_0)","decl":{"start":{"line":1,"column":17},"end":{"line":1,"column":18}},"loc":{"start":{"line":1,"column":25},"end":{"line":10,"column":1}},"line":1},"1":{"name":"(anonymous_1)","decl":{"start":{"line":2,"column":22},"end":{"line":2,"column":23}},"loc":{"start":{"line":2,"column":34},"end":{"line":9,"column":3}},"line":2},"2":{"name":"(anonymous_2)","decl":{"start":{"line":6,"column":28},"end":{"line":6,"column":29}},"loc":{"start":{"line":6,"column":34},"end":{"line":8,"column":5}},"line":6}},"branchMap":{},"s":{"0":4,"1":4,"2":1,"3":1,"4":1,"5":1},"f":{"0":4,"1":1,"2":1},"b":{},"_coverageSchema":"1a1c01bbd47fc00a2c39e90264f33305004495a9","hash":"70faea33e657db4218e9eefb37627024a28061bf"}
,"D:\\Cours_MCCI_BS\\Back-end_Development\\APIChat\\config\\db.js": {"path":"D:\\Cours_MCCI_BS\\Back-end_Development\\APIChat\\config\\db.js","statementMap":{"0":{"start":{"line":2,"column":0},"end":{"line":2,"column":27}},"1":{"start":{"line":3,"column":17},"end":{"line":3,"column":36}},"2":{"start":{"line":5,"column":18},"end":{"line":17,"column":1}},"3":{"start":{"line":6,"column":2},"end":{"line":16,"column":3}},"4":{"start":{"line":7,"column":16},"end":{"line":7,"column":37}},"5":{"start":{"line":8,"column":4},"end":{"line":8,"column":54}},"6":{"start":{"line":8,"column":14},"end":{"line":8,"column":54}},"7":{"start":{"line":9,"column":4},"end":{"line":9,"column":32}},"8":{"start":{"line":10,"column":4},"end":{"line":12,"column":5}},"9":{"start":{"line":11,"column":6},"end":{"line":11,"column":40}},"10":{"start":{"line":14,"column":4},"end":{"line":14,"column":23}},"11":{"start":{"line":15,"column":4},"end":{"line":15,"column":20}},"12":{"start":{"line":19,"column":0},"end":{"line":19,"column":27}}},"fnMap":{"0":{"name":"(anonymous_0)","decl":{"start":{"line":5,"column":18},"end":{"line":5,"column":19}},"loc":{"start":{"line":5,"column":30},"end":{"line":17,"column":1}},"line":5}},"branchMap":{"0":{"loc":{"start":{"line":8,"column":4},"end":{"line":8,"column":54}},"type":"if","locations":[{"start":{"line":8,"column":4},"end":{"line":8,"column":54}},{"start":{},"end":{}}],"line":8},"1":{"loc":{"start":{"line":10,"column":4},"end":{"line":12,"column":5}},"type":"if","locations":[{"start":{"line":10,"column":4},"end":{"line":12,"column":5}},{"start":{},"end":{}}],"line":10}},"s":{"0":4,"1":4,"2":4,"3":5,"4":5,"5":5,"6":1,"7":4,"8":3,"9":0,"10":2,"11":2,"12":4},"f":{"0":5},"b":{"0":[1,4],"1":[0,3]},"_coverageSchema":"1a1c01bbd47fc00a2c39e90264f33305004495a9","hash":"71a5ef9b2f05cf3095fb09aed9e05f5894671b27"}
,"D:\\Cours_MCCI_BS\\Back-end_Development\\APIChat\\controllers\\authController.js": {"path":"D:\\Cours_MCCI_BS\\Back-end_Development\\APIChat\\controllers\\authController.js","statementMap":{"0":{"start":{"line":1,"column":15},"end":{"line":1,"column":34}},"1":{"start":{"line":2,"column":12},"end":{"line":2,"column":35}},"2":{"start":{"line":3,"column":13},"end":{"line":3,"column":38}},"3":{"start":{"line":4,"column":15},"end":{"line":4,"column":32}},"4":{"start":{"line":6,"column":0},"end":{"line":6,"column":16}},"5":{"start":{"line":8,"column":0},"end":{"line":28,"column":2}},"6":{"start":{"line":9,"column":33},"end":{"line":9,"column":41}},"7":{"start":{"line":10,"column":2},"end":{"line":27,"column":3}},"8":{"start":{"line":11,"column":15},"end":{"line":11,"column":47}},"9":{"start":{"line":12,"column":4},"end":{"line":12,"column":78}},"10":{"start":{"line":12,"column":14},"end":{"line":12,"column":78}},"11":{"start":{"line":14,"column":4},"end":{"line":14,"column":44}},"12":{"start":{"line":15,"column":17},"end":{"line":15,"column":41}},"13":{"start":{"line":16,"column":4},"end":{"line":16,"column":54}},"14":{"start":{"line":17,"column":4},"end":{"line":17,"column":22}},"15":{"start":{"line":19,"column":20},"end":{"line":19,"column":45}},"16":{"start":{"line":20,"column":4},"end":{"line":23,"column":7}},"17":{"start":{"line":21,"column":6},"end":{"line":21,"column":25}},"18":{"start":{"line":21,"column":15},"end":{"line":21,"column":25}},"19":{"start":{"line":22,"column":6},"end":{"line":22,"column":26}},"20":{"start":{"line":25,"column":4},"end":{"line":25,"column":23}},"21":{"start":{"line":26,"column":4},"end":{"line":26,"column":43}},"22":{"start":{"line":30,"column":0},"end":{"line":48,"column":2}},"23":{"start":{"line":31,"column":33},"end":{"line":31,"column":41}},"24":{"start":{"line":32,"column":2},"end":{"line":47,"column":3}},"25":{"start":{"line":33,"column":17},"end":{"line":33,"column":49}},"26":{"start":{"line":34,"column":4},"end":{"line":34,"column":78}},"27":{"start":{"line":34,"column":15},"end":{"line":34,"column":78}},"28":{"start":{"line":36,"column":20},"end":{"line":36,"column":65}},"29":{"start":{"line":37,"column":4},"end":{"line":37,"column":81}},"30":{"start":{"line":37,"column":18},"end":{"line":37,"column":81}},"31":{"start":{"line":39,"column":20},"end":{"line":39,"column":45}},"32":{"start":{"line":40,"column":4},"end":{"line":43,"column":7}},"33":{"start":{"line":41,"column":6},"end":{"line":41,"column":25}},"34":{"start":{"line":41,"column":15},"end":{"line":41,"column":25}},"35":{"start":{"line":42,"column":6},"end":{"line":42,"column":26}},"36":{"start":{"line":45,"column":4},"end":{"line":45,"column":23}},"37":{"start":{"line":46,"column":4},"end":{"line":46,"column":43}}},"fnMap":{"0":{"name":"(anonymous_0)","decl":{"start":{"line":8,"column":19},"end":{"line":8,"column":20}},"loc":{"start":{"line":8,"column":39},"end":{"line":28,"column":1}},"line":8},"1":{"name":"(anonymous_1)","decl":{"start":{"line":20,"column":68},"end":{"line":20,"column":69}},"loc":{"start":{"line":20,"column":84},"end":{"line":23,"column":5}},"line":20},"2":{"name":"(anonymous_2)","decl":{"start":{"line":30,"column":16},"end":{"line":30,"column":17}},"loc":{"start":{"line":30,"column":36},"end":{"line":48,"column":1}},"line":30},"3":{"name":"(anonymous_3)","decl":{"start":{"line":40,"column":68},"end":{"line":40,"column":69}},"loc":{"start":{"line":40,"column":84},"end":{"line":43,"column":5}},"line":40}},"branchMap":{"0":{"loc":{"start":{"line":12,"column":4},"end":{"line":12,"column":78}},"type":"if","locations":[{"start":{"line":12,"column":4},"end":{"line":12,"column":78}},{"start":{},"end":{}}],"line":12},"1":{"loc":{"start":{"line":21,"column":6},"end":{"line":21,"column":25}},"type":"if","locations":[{"start":{"line":21,"column":6},"end":{"line":21,"column":25}},{"start":{},"end":{}}],"line":21},"2":{"loc":{"start":{"line":34,"column":4},"end":{"line":34,"column":78}},"type":"if","locations":[{"start":{"line":34,"column":4},"end":{"line":34,"column":78}},{"start":{},"end":{}}],"line":34},"3":{"loc":{"start":{"line":37,"column":4},"end":{"line":37,"column":81}},"type":"if","locations":[{"start":{"line":37,"column":4},"end":{"line":37,"column":81}},{"start":{},"end":{}}],"line":37},"4":{"loc":{"start":{"line":41,"column":6},"end":{"line":41,"column":25}},"type":"if","locations":[{"start":{"line":41,"column":6},"end":{"line":41,"column":25}},{"start":{},"end":{}}],"line":41}},"s":{"0":3,"1":3,"2":3,"3":3,"4":3,"5":3,"6":1,"7":1,"8":1,"9":1,"10":0,"11":1,"12":1,"13":1,"14":1,"15":1,"16":1,"17":1,"18":0,"19":1,"20":0,"21":0,"22":3,"23":2,"24":2,"25":2,"26":2,"27":0,"28":2,"29":2,"30":0,"31":2,"32":2,"33":2,"34":0,"35":2,"36":0,"37":0},"f":{"0":1,"1":1,"2":2,"3":2},"b":{"0":[0,1],"1":[0,1],"2":[0,2],"3":[0,2],"4":[0,2]},"_coverageSchema":"1a1c01bbd47fc00a2c39e90264f33305004495a9","hash":"e2415da8846217f4034c9b52558941c82a78b6bc"}
,"D:\\Cours_MCCI_BS\\Back-end_Development\\APIChat\\controllers\\messagesController.js": {"path":"D:\\Cours_MCCI_BS\\Back-end_Development\\APIChat\\controllers\\messagesController.js","statementMap":{"0":{"start":{"line":1,"column":16},"end":{"line":1,"column":44}},"1":{"start":{"line":3,"column":0},"end":{"line":17,"column":2}},"2":{"start":{"line":4,"column":25},"end":{"line":4,"column":35}},"3":{"start":{"line":5,"column":22},"end":{"line":5,"column":30}},"4":{"start":{"line":6,"column":2},"end":{"line":16,"column":3}},"5":{"start":{"line":7,"column":16},"end":{"line":7,"column":75}},"6":{"start":{"line":8,"column":4},"end":{"line":8,"column":21}},"7":{"start":{"line":11,"column":4},"end":{"line":11,"column":55}},"8":{"start":{"line":12,"column":4},"end":{"line":12,"column":18}},"9":{"start":{"line":14,"column":4},"end":{"line":14,"column":23}},"10":{"start":{"line":15,"column":4},"end":{"line":15,"column":43}},"11":{"start":{"line":19,"column":0},"end":{"line":33,"column":2}},"12":{"start":{"line":20,"column":21},"end":{"line":20,"column":31}},"13":{"start":{"line":21,"column":2},"end":{"line":32,"column":3}},"14":{"start":{"line":22,"column":17},"end":{"line":27,"column":24}},"15":{"start":{"line":28,"column":4},"end":{"line":28,"column":19}},"16":{"start":{"line":30,"column":4},"end":{"line":30,"column":23}},"17":{"start":{"line":31,"column":4},"end":{"line":31,"column":43}}},"fnMap":{"0":{"name":"(anonymous_0)","decl":{"start":{"line":3,"column":22},"end":{"line":3,"column":23}},"loc":{"start":{"line":3,"column":42},"end":{"line":17,"column":1}},"line":3},"1":{"name":"(anonymous_1)","decl":{"start":{"line":19,"column":22},"end":{"line":19,"column":23}},"loc":{"start":{"line":19,"column":42},"end":{"line":33,"column":1}},"line":19}},"branchMap":{},"s":{"0":3,"1":3,"2":1,"3":1,"4":1,"5":1,"6":1,"7":1,"8":1,"9":0,"10":0,"11":3,"12":1,"13":1,"14":1,"15":1,"16":0,"17":0},"f":{"0":1,"1":1},"b":{},"_coverageSchema":"1a1c01bbd47fc00a2c39e90264f33305004495a9","hash":"30b2b5e3edfbeceba7b40de86ea87ab6a3e26476"}
,"D:\\Cours_MCCI_BS\\Back-end_Development\\APIChat\\middlewares\\authMiddleware.js": {"path":"D:\\Cours_MCCI_BS\\Back-end_Development\\APIChat\\middlewares\\authMiddleware.js","statementMap":{"0":{"start":{"line":1,"column":12},"end":{"line":1,"column":35}},"1":{"start":{"line":2,"column":15},"end":{"line":2,"column":32}},"2":{"start":{"line":4,"column":0},"end":{"line":4,"column":16}},"3":{"start":{"line":6,"column":0},"end":{"line":17,"column":2}},"4":{"start":{"line":7,"column":16},"end":{"line":7,"column":58}},"5":{"start":{"line":8,"column":2},"end":{"line":8,"column":81}},"6":{"start":{"line":8,"column":14},"end":{"line":8,"column":81}},"7":{"start":{"line":10,"column":2},"end":{"line":16,"column":3}},"8":{"start":{"line":11,"column":20},"end":{"line":11,"column":61}},"9":{"start":{"line":12,"column":4},"end":{"line":12,"column":28}},"10":{"start":{"line":13,"column":4},"end":{"line":13,"column":11}},"11":{"start":{"line":15,"column":4},"end":{"line":15,"column":52}}},"fnMap":{"0":{"name":"(anonymous_0)","decl":{"start":{"line":6,"column":17},"end":{"line":6,"column":18}},"loc":{"start":{"line":6,"column":42},"end":{"line":17,"column":1}},"line":6}},"branchMap":{"0":{"loc":{"start":{"line":8,"column":2},"end":{"line":8,"column":81}},"type":"if","locations":[{"start":{"line":8,"column":2},"end":{"line":8,"column":81}},{"start":{},"end":{}}],"line":8}},"s":{"0":3,"1":3,"2":3,"3":3,"4":4,"5":4,"6":1,"7":3,"8":3,"9":2,"10":2,"11":1},"f":{"0":4},"b":{"0":[1,3]},"_coverageSchema":"1a1c01bbd47fc00a2c39e90264f33305004495a9","hash":"71bdf93a89740e5b8fb8ea7e4799f8146027669d"}
,"D:\\Cours_MCCI_BS\\Back-end_Development\\APIChat\\models\\Message.js": {"path":"D:\\Cours_MCCI_BS\\Back-end_Development\\APIChat\\models\\Message.js","statementMap":{"0":{"start":{"line":1,"column":17},"end":{"line":1,"column":36}},"1":{"start":{"line":3,"column":22},"end":{"line":10,"column":2}},"2":{"start":{"line":12,"column":0},"end":{"line":12,"column":58}}},"fnMap":{},"branchMap":{},"s":{"0":3,"1":3,"2":3},"f":{},"b":{},"_coverageSchema":"1a1c01bbd47fc00a2c39e90264f33305004495a9","hash":"4ab6bfb0d00729c3c9b0aac2b96c4e79a74d065f"}
,"D:\\Cours_MCCI_BS\\Back-end_Development\\APIChat\\models\\User.js": {"path":"D:\\Cours_MCCI_BS\\Back-end_Development\\APIChat\\models\\User.js","statementMap":{"0":{"start":{"line":1,"column":17},"end":{"line":1,"column":36}},"1":{"start":{"line":3,"column":19},"end":{"line":6,"column":2}},"2":{"start":{"line":8,"column":0},"end":{"line":8,"column":52}}},"fnMap":{},"branchMap":{},"s":{"0":3,"1":3,"2":3},"f":{},"b":{},"_coverageSchema":"1a1c01bbd47fc00a2c39e90264f33305004495a9","hash":"6715cba21ee407cffb4f5770a6a1297a258bef3f"}
,"D:\\Cours_MCCI_BS\\Back-end_Development\\APIChat\\routes\\auth.js": {"path":"D:\\Cours_MCCI_BS\\Back-end_Development\\APIChat\\routes\\auth.js","statementMap":{"0":{"start":{"line":1,"column":16},"end":{"line":1,"column":34}},"1":{"start":{"line":2,"column":15},"end":{"line":2,"column":31}},"2":{"start":{"line":3,"column":28},"end":{"line":3,"column":68}},"3":{"start":{"line":5,"column":0},"end":{"line":5,"column":35}},"4":{"start":{"line":6,"column":0},"end":{"line":6,"column":29}},"5":{"start":{"line":8,"column":0},"end":{"line":8,"column":24}}},"fnMap":{},"branchMap":{},"s":{"0":3,"1":3,"2":3,"3":3,"4":3,"5":3},"f":{},"b":{},"_coverageSchema":"1a1c01bbd47fc00a2c39e90264f33305004495a9","hash":"4d5eeb9583bd42660823938d5b189aa846cc8e78"}
,"D:\\Cours_MCCI_BS\\Back-end_Development\\APIChat\\routes\\messages.js": {"path":"D:\\Cours_MCCI_BS\\Back-end_Development\\APIChat\\routes\\messages.js","statementMap":{"0":{"start":{"line":1,"column":16},"end":{"line":1,"column":34}},"1":{"start":{"line":2,"column":15},"end":{"line":2,"column":31}},"2":{"start":{"line":3,"column":13},"end":{"line":3,"column":53}},"3":{"start":{"line":4,"column":37},"end":{"line":4,"column":81}},"4":{"start":{"line":6,"column":0},"end":{"line":6,"column":47}},"5":{"start":{"line":7,"column":0},"end":{"line":7,"column":42}},"6":{"start":{"line":9,"column":0},"end":{"line":9,"column":24}}},"fnMap":{},"branchMap":{},"s":{"0":3,"1":3,"2":3,"3":3,"4":3,"5":3,"6":3},"f":{},"b":{},"_coverageSchema":"1a1c01bbd47fc00a2c39e90264f33305004495a9","hash":"608f6f51716373ace7c182b284e48f2d7d26cbb8"}
,"D:\\Cours_MCCI_BS\\Back-end_Development\\APIChat\\routes\\status.js": {"path":"D:\\Cours_MCCI_BS\\Back-end_Development\\APIChat\\routes\\status.js","statementMap":{"0":{"start":{"line":2,"column":16},"end":{"line":2,"column":34}},"1":{"start":{"line":3,"column":15},"end":{"line":3,"column":31}},"2":{"start":{"line":5,"column":0},"end":{"line":8,"column":2}},"3":{"start":{"line":5,"column":36},"end":{"line":7,"column":49}},"4":{"start":{"line":10,"column":0},"end":{"line":10,"column":24}}},"fnMap":{"0":{"name":"(anonymous_0)","decl":{"start":{"line":5,"column":22},"end":{"line":5,"column":23}},"loc":{"start":{"line":5,"column":36},"end":{"line":7,"column":49}},"line":5}},"branchMap":{"0":{"loc":{"start":{"line":5,"column":36},"end":{"line":7,"column":49}},"type":"cond-expr","locations":[{"start":{"line":6,"column":4},"end":{"line":6,"column":50}},{"start":{"line":7,"column":4},"end":{"line":7,"column":49}}],"line":5},"1":{"loc":{"start":{"line":6,"column":24},"end":{"line":6,"column":48}},"type":"binary-expr","locations":[{"start":{"line":6,"column":24},"end":{"line":6,"column":42}},{"start":{"line":6,"column":46},"end":{"line":6,"column":48}}],"line":6}},"s":{"0":3,"1":3,"2":3,"3":0,"4":3},"f":{"0":0},"b":{"0":[0,0],"1":[0,0]},"_coverageSchema":"1a1c01bbd47fc00a2c39e90264f33305004495a9","hash":"0b8056ab95803d1b7cc1d51fa633f808d1941b07"}
}
