TN:
SF:app.js
FN:21,(anonymous_0)
FNF:1
FNH:1
FNDA:7,(anonymous_0)
DA:2,3
DA:3,3
DA:4,3
DA:5,3
DA:6,3
DA:7,3
DA:8,3
DA:9,3
DA:10,3
DA:12,3
DA:13,3
DA:14,3
DA:17,3
DA:18,3
DA:21,7
DA:24,3
DA:26,3
DA:27,3
DA:28,3
DA:31,3
DA:35,3
LF:21
LH:21
BRF:0
BRH:0
end_of_record
TN:
SF:socket.js
FN:1,(anonymous_0)
FN:2,(anonymous_1)
FN:6,(anonymous_2)
FNF:3
FNH:3
FNDA:4,(anonymous_0)
FNDA:1,(anonymous_1)
FNDA:1,(anonymous_2)
DA:1,4
DA:2,4
DA:3,1
DA:4,1
DA:6,1
DA:7,1
LF:6
LH:6
BRF:0
BRH:0
end_of_record
TN:
SF:config\db.js
FN:5,(anonymous_0)
FNF:1
FNH:1
FNDA:5,(anonymous_0)
DA:2,4
DA:3,4
DA:5,4
DA:6,5
DA:7,5
DA:8,5
DA:9,4
DA:10,3
DA:11,0
DA:14,2
DA:15,2
DA:19,4
LF:12
LH:11
BRDA:8,0,0,1
BRDA:8,0,1,4
BRDA:10,1,0,0
BRDA:10,1,1,3
BRF:4
BRH:3
end_of_record
TN:
SF:controllers\authController.js
FN:8,(anonymous_0)
FN:20,(anonymous_1)
FN:30,(anonymous_2)
FN:40,(anonymous_3)
FNF:4
FNH:4
FNDA:1,(anonymous_0)
FNDA:1,(anonymous_1)
FNDA:2,(anonymous_2)
FNDA:2,(anonymous_3)
DA:1,3
DA:2,3
DA:3,3
DA:4,3
DA:6,3
DA:8,3
DA:9,1
DA:10,1
DA:11,1
DA:12,1
DA:14,1
DA:15,1
DA:16,1
DA:17,1
DA:19,1
DA:20,1
DA:21,1
DA:22,1
DA:25,0
DA:26,0
DA:30,3
DA:31,2
DA:32,2
DA:33,2
DA:34,2
DA:36,2
DA:37,2
DA:39,2
DA:40,2
DA:41,2
DA:42,2
DA:45,0
DA:46,0
LF:33
LH:29
BRDA:12,0,0,0
BRDA:12,0,1,1
BRDA:21,1,0,0
BRDA:21,1,1,1
BRDA:34,2,0,0
BRDA:34,2,1,2
BRDA:37,3,0,0
BRDA:37,3,1,2
BRDA:41,4,0,0
BRDA:41,4,1,2
BRF:10
BRH:5
end_of_record
TN:
SF:controllers\messagesController.js
FN:3,(anonymous_0)
FN:19,(anonymous_1)
FNF:2
FNH:2
FNDA:1,(anonymous_0)
FNDA:1,(anonymous_1)
DA:1,3
DA:3,3
DA:4,1
DA:5,1
DA:6,1
DA:7,1
DA:8,1
DA:11,1
DA:12,1
DA:14,0
DA:15,0
DA:19,3
DA:20,1
DA:21,1
DA:22,1
DA:28,1
DA:30,0
DA:31,0
LF:18
LH:14
BRF:0
BRH:0
end_of_record
TN:
SF:middlewares\authMiddleware.js
FN:6,(anonymous_0)
FNF:1
FNH:1
FNDA:4,(anonymous_0)
DA:1,3
DA:2,3
DA:4,3
DA:6,3
DA:7,4
DA:8,4
DA:10,3
DA:11,3
DA:12,2
DA:13,2
DA:15,1
LF:11
LH:11
BRDA:8,0,0,1
BRDA:8,0,1,3
BRF:2
BRH:2
end_of_record
TN:
SF:models\Message.js
FNF:0
FNH:0
DA:1,3
DA:3,3
DA:12,3
LF:3
LH:3
BRF:0
BRH:0
end_of_record
TN:
SF:models\User.js
FNF:0
FNH:0
DA:1,3
DA:3,3
DA:8,3
LF:3
LH:3
BRF:0
BRH:0
end_of_record
TN:
SF:routes\auth.js
FNF:0
FNH:0
DA:1,3
DA:2,3
DA:3,3
DA:5,3
DA:6,3
DA:8,3
LF:6
LH:6
BRF:0
BRH:0
end_of_record
TN:
SF:routes\messages.js
FNF:0
FNH:0
DA:1,3
DA:2,3
DA:3,3
DA:4,3
DA:6,3
DA:7,3
DA:9,3
LF:7
LH:7
BRF:0
BRH:0
end_of_record
TN:
SF:routes\status.js
FN:5,(anonymous_0)
FNF:1
FNH:0
FNDA:0,(anonymous_0)
DA:2,3
DA:3,3
DA:5,3
DA:10,3
LF:4
LH:4
BRDA:5,0,0,0
BRDA:5,0,1,0
BRDA:6,1,0,0
BRDA:6,1,1,0
BRF:4
BRH:0
end_of_record
